Build started 2/7/2013 1:49:36 PM.
     1>Project "C:\NSFAnalyzer\NSFAnalyzer_Source\NSFAnalyzer\NSFAnalyzer.vcxproj" on node 3 (Rebuild target(s)).
     1>ClCompile:
         C:\Program Files (x86)\Microsoft Visual Studio 11.0\VC\bin\CL.exe /c /Zi /nologo /W1 /WX- /O2 /Oy- /Gm- /EHsc /MD /GS /fp:precise /Zc:wchar_t /Zc:forScope /Fo"Template\\" /Fd"Template\vc110.pdb" /Gd /TP /analyze- /errorReport:prompt agent_data.cpp AssemblyInfo.cpp composite_data.cpp Configuration.cpp dlgDatabaseList.cpp dlgServerList.cpp generic_data.cpp ListboxHandler.cpp NoteClass.cpp NoteClassTable.cpp NSFAnalyzer.cpp ScanIterator.cpp ScanResult.cpp search_core.cpp stdafx.cpp About.cpp
         agent_data.cpp
     1>c:\nsfanalyzer\nsfanalyzer_source\nsfanalyzer\search_core.h(6): error C2871: 'System' : a namespace with this name does not exist
     1>c:\nsfanalyzer\nsfanalyzer_source\nsfanalyzer\search_core.h(7): error C2653: 'System' : is not a class or namespace name
     1>c:\nsfanalyzer\nsfanalyzer_source\nsfanalyzer\search_core.h(7): error C2871: 'Forms' : a namespace with this name does not exist
     1>c:\nsfanalyzer\nsfanalyzer_source\nsfanalyzer\Configuration.h(3): error C2871: 'System' : a namespace with this name does not exist
     1>c:\nsfanalyzer\nsfanalyzer_source\nsfanalyzer\Configuration.h(4): error C2653: 'System' : is not a class or namespace name
     1>c:\nsfanalyzer\nsfanalyzer_source\nsfanalyzer\Configuration.h(4): error C2871: 'Xml' : a namespace with this name does not exist
     1>c:\nsfanalyzer\nsfanalyzer_source\nsfanalyzer\Configuration.h(5): error C2653: 'System' : is not a class or namespace name
     1>c:\nsfanalyzer\nsfanalyzer_source\nsfanalyzer\Configuration.h(5): error C2871: 'IO' : a namespace with this name does not exist
     1>c:\nsfanalyzer\nsfanalyzer_source\nsfanalyzer\Configuration.h(6): error C2653: 'System' : is not a class or namespace name
     1>c:\nsfanalyzer\nsfanalyzer_source\nsfanalyzer\Configuration.h(6): error C2871: 'Forms' : a namespace with this name does not exist
     1>c:\nsfanalyzer\nsfanalyzer_source\nsfanalyzer\Configuration.h(11): error C2059: syntax error : 'public'
     1>c:\nsfanalyzer\nsfanalyzer_source\nsfanalyzer\Configuration.h(12): error C2143: syntax error : missing ';' before '{'
     1>c:\nsfanalyzer\nsfanalyzer_source\nsfanalyzer\Configuration.h(12): error C2447: '{' : missing function header (old-style formal list?)
     1>c:\nsfanalyzer\nsfanalyzer_source\nsfanalyzer\NoteClass.h(3): error C2871: 'System' : a namespace with this name does not exist
     1>c:\nsfanalyzer\nsfanalyzer_source\nsfanalyzer\NoteClass.h(5): fatal error C1083: Cannot open include file: 'lapiplat.h': No such file or directory
         AssemblyInfo.cpp
     1>AssemblyInfo.cpp(3): error C2871: 'System' : a namespace with this name does not exist
     1>AssemblyInfo.cpp(4): error C2653: 'System' : is not a class or namespace name
     1>AssemblyInfo.cpp(4): error C2871: 'Reflection' : a namespace with this name does not exist
     1>AssemblyInfo.cpp(5): error C2653: 'System' : is not a class or namespace name
     1>AssemblyInfo.cpp(5): error C2871: 'CompilerServices' : a namespace with this name does not exist
     1>AssemblyInfo.cpp(6): error C2653: 'System' : is not a class or namespace name
     1>AssemblyInfo.cpp(6): error C2871: 'InteropServices' : a namespace with this name does not exist
     1>AssemblyInfo.cpp(7): error C2653: 'System' : is not a class or namespace name
     1>AssemblyInfo.cpp(7): error C2871: 'Permissions' : a namespace with this name does not exist
     1>AssemblyInfo.cpp(14): error C2337: 'AssemblyTitleAttribute' : attribute not found
     1>AssemblyInfo.cpp(15): error C2337: 'AssemblyDescriptionAttribute' : attribute not found
     1>AssemblyInfo.cpp(16): error C2337: 'AssemblyConfigurationAttribute' : attribute not found
     1>AssemblyInfo.cpp(17): error C2337: 'AssemblyCompanyAttribute' : attribute not found
     1>AssemblyInfo.cpp(18): error C2337: 'AssemblyProductAttribute' : attribute not found
     1>AssemblyInfo.cpp(19): error C2337: 'AssemblyCopyrightAttribute' : attribute not found
     1>AssemblyInfo.cpp(20): error C2337: 'AssemblyTrademarkAttribute' : attribute not found
     1>AssemblyInfo.cpp(21): error C2337: 'AssemblyCultureAttribute' : attribute not found
     1>AssemblyInfo.cpp(34): error C2337: 'AssemblyVersionAttribute' : attribute not found
     1>AssemblyInfo.cpp(36): error C2337: 'ComVisible' : attribute not found
     1>AssemblyInfo.cpp(38): error C2337: 'CLSCompliantAttribute' : attribute not found
     1>AssemblyInfo.cpp(40): error C2337: 'SecurityPermission' : attribute not found
     1>AssemblyInfo.cpp(40): error C2653: 'SecurityAction' : is not a class or namespace name
     1>AssemblyInfo.cpp(40): error C2065: 'RequestMinimum' : undeclared identifier
                 missing quotes ("") around 'RequestMinimum'?
         composite_data.cpp
     1>c:\nsfanalyzer\nsfanalyzer_source\nsfanalyzer\search_core.h(6): error C2871: 'System' : a namespace with this name does not exist
     1>c:\nsfanalyzer\nsfanalyzer_source\nsfanalyzer\search_core.h(7): error C2653: 'System' : is not a class or namespace name
     1>c:\nsfanalyzer\nsfanalyzer_source\nsfanalyzer\search_core.h(7): error C2871: 'Forms' : a namespace with this name does not exist
     1>c:\nsfanalyzer\nsfanalyzer_source\nsfanalyzer\Configuration.h(3): error C2871: 'System' : a namespace with this name does not exist
     1>c:\nsfanalyzer\nsfanalyzer_source\nsfanalyzer\Configuration.h(4): error C2653: 'System' : is not a class or namespace name
     1>c:\nsfanalyzer\nsfanalyzer_source\nsfanalyzer\Configuration.h(4): error C2871: 'Xml' : a namespace with this name does not exist
     1>c:\nsfanalyzer\nsfanalyzer_source\nsfanalyzer\Configuration.h(5): error C2653: 'System' : is not a class or namespace name
     1>c:\nsfanalyzer\nsfanalyzer_source\nsfanalyzer\Configuration.h(5): error C2871: 'IO' : a namespace with this name does not exist
     1>c:\nsfanalyzer\nsfanalyzer_source\nsfanalyzer\Configuration.h(6): error C2653: 'System' : is not a class or namespace name
     1>c:\nsfanalyzer\nsfanalyzer_source\nsfanalyzer\Configuration.h(6): error C2871: 'Forms' : a namespace with this name does not exist
     1>c:\nsfanalyzer\nsfanalyzer_source\nsfanalyzer\Configuration.h(11): error C2059: syntax error : 'public'
     1>c:\nsfanalyzer\nsfanalyzer_source\nsfanalyzer\Configuration.h(12): error C2143: syntax error : missing ';' before '{'
     1>c:\nsfanalyzer\nsfanalyzer_source\nsfanalyzer\Configuration.h(12): error C2447: '{' : missing function header (old-style formal list?)
     1>c:\nsfanalyzer\nsfanalyzer_source\nsfanalyzer\NoteClass.h(3): error C2871: 'System' : a namespace with this name does not exist
     1>c:\nsfanalyzer\nsfanalyzer_source\nsfanalyzer\NoteClass.h(5): fatal error C1083: Cannot open include file: 'lapiplat.h': No such file or directory
         Configuration.cpp
     1>c:\nsfanalyzer\nsfanalyzer_source\nsfanalyzer\Configuration.h(3): error C2871: 'System' : a namespace with this name does not exist
     1>c:\nsfanalyzer\nsfanalyzer_source\nsfanalyzer\Configuration.h(4): error C2653: 'System' : is not a class or namespace name
     1>c:\nsfanalyzer\nsfanalyzer_source\nsfanalyzer\Configuration.h(4): error C2871: 'Xml' : a namespace with this name does not exist
     1>c:\nsfanalyzer\nsfanalyzer_source\nsfanalyzer\Configuration.h(5): error C2653: 'System' : is not a class or namespace name
     1>c:\nsfanalyzer\nsfanalyzer_source\nsfanalyzer\Configuration.h(5): error C2871: 'IO' : a namespace with this name does not exist
     1>c:\nsfanalyzer\nsfanalyzer_source\nsfanalyzer\Configuration.h(6): error C2653: 'System' : is not a class or namespace name
     1>c:\nsfanalyzer\nsfanalyzer_source\nsfanalyzer\Configuration.h(6): error C2871: 'Forms' : a namespace with this name does not exist
     1>c:\nsfanalyzer\nsfanalyzer_source\nsfanalyzer\Configuration.h(11): error C2059: syntax error : 'public'
     1>c:\nsfanalyzer\nsfanalyzer_source\nsfanalyzer\Configuration.h(12): error C2143: syntax error : missing ';' before '{'
     1>c:\nsfanalyzer\nsfanalyzer_source\nsfanalyzer\Configuration.h(12): error C2447: '{' : missing function header (old-style formal list?)
     1>Configuration.cpp(6): error C2653: 'ConfigurationTool' : is not a class or namespace name
     1>Configuration.cpp(6): error C4430: missing type specifier - int assumed. Note: C++ does not support default-int
     1>Configuration.cpp(6): warning C4508: 'ConfigurationTool' : function should return a value; 'void' return type assumed
     1>Configuration.cpp(8): error C2653: 'ConfigurationTool' : is not a class or namespace name
     1>Configuration.cpp(8): error C2065: 'String' : undeclared identifier
     1>Configuration.cpp(8): error C2065: 'file' : undeclared identifier
     1>Configuration.cpp(8): error C2448: 'Read' : function-style initializer appears to be a function definition
     1>Configuration.cpp(151): error C2653: 'ConfigurationTool' : is not a class or namespace name
     1>Configuration.cpp(151): error C2065: 'String' : undeclared identifier
     1>Configuration.cpp(151): error C2065: 'file' : undeclared identifier
     1>Configuration.cpp(151): error C2448: 'Write' : function-style initializer appears to be a function definition
         dlgDatabaseList.cpp
     1>c:\nsfanalyzer\nsfanalyzer_source\nsfanalyzer\dlgDatabaseList.h(5): error C2871: 'System' : a namespace with this name does not exist
     1>c:\nsfanalyzer\nsfanalyzer_source\nsfanalyzer\dlgDatabaseList.h(6): error C2653: 'System' : is not a class or namespace name
     1>c:\nsfanalyzer\nsfanalyzer_source\nsfanalyzer\dlgDatabaseList.h(6): error C2871: 'ComponentModel' : a namespace with this name does not exist
     1>c:\nsfanalyzer\nsfanalyzer_source\nsfanalyzer\dlgDatabaseList.h(7): error C2653: 'System' : is not a class or namespace name
     1>c:\nsfanalyzer\nsfanalyzer_source\nsfanalyzer\dlgDatabaseList.h(7): error C2871: 'Collections' : a namespace with this name does not exist
     1>c:\nsfanalyzer\nsfanalyzer_source\nsfanalyzer\dlgDatabaseList.h(8): error C2653: 'System' : is not a class or namespace name
     1>c:\nsfanalyzer\nsfanalyzer_source\nsfanalyzer\dlgDatabaseList.h(8): error C2871: 'Forms' : a namespace with this name does not exist
     1>c:\nsfanalyzer\nsfanalyzer_source\nsfanalyzer\dlgDatabaseList.h(9): error C2653: 'System' : is not a class or namespace name
     1>c:\nsfanalyzer\nsfanalyzer_source\nsfanalyzer\dlgDatabaseList.h(9): error C2871: 'Data' : a namespace with this name does not exist
     1>c:\nsfanalyzer\nsfanalyzer_source\nsfanalyzer\dlgDatabaseList.h(10): error C2653: 'System' : is not a class or namespace name
     1>c:\nsfanalyzer\nsfanalyzer_source\nsfanalyzer\dlgDatabaseList.h(10): error C2871: 'Drawing' : a namespace with this name does not exist
     1>c:\nsfanalyzer\nsfanalyzer_source\nsfanalyzer\dlgDatabaseList.h(24): error C2059: syntax error : 'public'
     1>c:\nsfanalyzer\nsfanalyzer_source\nsfanalyzer\dlgDatabaseList.h(24): error C2653: 'System' : is not a class or namespace name
     1>c:\nsfanalyzer\nsfanalyzer_source\nsfanalyzer\dlgDatabaseList.h(25): error C2143: syntax error : missing ';' before '{'
     1>c:\nsfanalyzer\nsfanalyzer_source\nsfanalyzer\dlgDatabaseList.h(25): error C2447: '{' : missing function header (old-style formal list?)
     1>dlgDatabaseList.cpp(5): error C2653: 'Microsoft' : is not a class or namespace name
     1>dlgDatabaseList.cpp(5): error C2871: 'Win32' : a namespace with this name does not exist
     1>dlgDatabaseList.cpp(6): error C2653: 'System' : is not a class or namespace name
     1>dlgDatabaseList.cpp(6): error C2871: 'InteropServices' : a namespace with this name does not exist
     1>dlgDatabaseList.cpp(7): error C2653: 'Microsoft' : is not a class or namespace name
     1>dlgDatabaseList.cpp(7): error C2871: 'Win32' : a namespace with this name does not exist
     1>dlgDatabaseList.cpp(8): error C2653: 'Windows' : is not a class or namespace name
     1>dlgDatabaseList.cpp(8): error C2871: 'Forms' : a namespace with this name does not exist
     1>dlgDatabaseList.cpp(10): error C2653: 'dlgDatabaseList' : is not a class or namespace name
     1>dlgDatabaseList.cpp(11): error C2355: 'this' : can only be referenced inside non-static member functions
     1>dlgDatabaseList.cpp(11): error C2227: left of '->tvDbList' must point to class/struct/union/generic type
     1>dlgDatabaseList.cpp(11): error C2227: left of '->Nodes' must point to class/struct/union/generic type
     1>dlgDatabaseList.cpp(11): error C2227: left of '->Clear' must point to class/struct/union/generic type
     1>dlgDatabaseList.cpp(12): error C2355: 'this' : can only be referenced inside non-static member functions
     1>dlgDatabaseList.cpp(12): error C2227: left of '->FillTree' must point to class/struct/union/generic type
     1>dlgDatabaseList.cpp(15): error C2653: 'dlgDatabaseList' : is not a class or namespace name
     1>dlgDatabaseList.cpp(16): error C2065: 'String' : undeclared identifier
     1>dlgDatabaseList.cpp(16): error C2065: 'db' : undeclared identifier
     1>dlgDatabaseList.cpp(19): error C2065: 'TreeNodeCollection' : undeclared identifier
     1>dlgDatabaseList.cpp(19): error C2065: 'nodes' : undeclared identifier
     1>dlgDatabaseList.cpp(22): error C2065: 'nodes' : undeclared identifier
     1>dlgDatabaseList.cpp(22): error C2355: 'this' : can only be referenced inside non-static member functions
     1>dlgDatabaseList.cpp(22): error C2227: left of '->tvDbList' must point to class/struct/union/generic type
     1>dlgDatabaseList.cpp(22): error C2227: left of '->Nodes' must point to class/struct/union/generic type
     1>dlgDatabaseList.cpp(24): error C2065: 'db' : undeclared identifier
     1>dlgDatabaseList.cpp(24): error C2065: 'gcnew' : undeclared identifier
     1>dlgDatabaseList.cpp(24): error C2146: syntax error : missing ')' before identifier 'String'
     1>dlgDatabaseList.cpp(24): error C2059: syntax error : ')'
     1>dlgDatabaseList.cpp(25): error C2355: 'this' : can only be referenced inside non-static member functions
     1>dlgDatabaseList.cpp(25): error C2227: left of '->dir_table' must point to class/struct/union/generic type
     1>dlgDatabaseList.cpp(25): error C2227: left of '->ContainsKey' must point to class/struct/union/generic type
     1>dlgDatabaseList.cpp(25): error C2065: 'db' : undeclared identifier
     1>dlgDatabaseList.cpp(26): error C2653: 'cli' : is not a class or namespace name
     1>dlgDatabaseList.cpp(26): error C2065: 'array' : undeclared identifier
     1>dlgDatabaseList.cpp(26): error C2065: 'String' : undeclared identifier
     1>dlgDatabaseList.cpp(26): error C2059: syntax error : '>'
     1>dlgDatabaseList.cpp(27): error C2065: 'p' : undeclared identifier
     1>dlgDatabaseList.cpp(27): error C2227: left of '->Length' must point to class/struct/union/generic type
                 type is ''unknown-type''
     1>dlgDatabaseList.cpp(28): error C2065: 'nodes' : undeclared identifier
     1>dlgDatabaseList.cpp(28): error C2227: left of '->ContainsKey' must point to class/struct/union/generic type
                 type is ''unknown-type''
     1>dlgDatabaseList.cpp(28): error C2065: 'p' : undeclared identifier
     1>dlgDatabaseList.cpp(29): error C2065: 'nodes' : undeclared identifier
     1>dlgDatabaseList.cpp(29): error C2065: 'p' : undeclared identifier
     1>dlgDatabaseList.cpp(29): error C2227: left of '->Nodes' must point to class/struct/union/generic type
     1>dlgDatabaseList.cpp(31): error C2065: 'nodes' : undeclared identifier
     1>dlgDatabaseList.cpp(31): error C2227: left of '->Add' must point to class/struct/union/generic type
                 type is ''unknown-type''
     1>dlgDatabaseList.cpp(31): error C2065: 'p' : undeclared identifier
     1>dlgDatabaseList.cpp(31): error C2227: left of '->Nodes' must point to class/struct/union/generic type
         dlgServerList.cpp
     1>c:\nsfanalyzer\nsfanalyzer_source\nsfanalyzer\dlgServerList.h(5): error C2871: 'System' : a namespace with this name does not exist
     1>c:\nsfanalyzer\nsfanalyzer_source\nsfanalyzer\dlgServerList.h(6): error C2653: 'System' : is not a class or namespace name
     1>c:\nsfanalyzer\nsfanalyzer_source\nsfanalyzer\dlgServerList.h(6): error C2871: 'ComponentModel' : a namespace with this name does not exist
     1>c:\nsfanalyzer\nsfanalyzer_source\nsfanalyzer\dlgServerList.h(7): error C2653: 'System' : is not a class or namespace name
     1>c:\nsfanalyzer\nsfanalyzer_source\nsfanalyzer\dlgServerList.h(7): error C2871: 'Collections' : a namespace with this name does not exist
     1>c:\nsfanalyzer\nsfanalyzer_source\nsfanalyzer\dlgServerList.h(8): error C2653: 'System' : is not a class or namespace name
     1>c:\nsfanalyzer\nsfanalyzer_source\nsfanalyzer\dlgServerList.h(8): error C2871: 'Forms' : a namespace with this name does not exist
     1>c:\nsfanalyzer\nsfanalyzer_source\nsfanalyzer\dlgServerList.h(9): error C2653: 'System' : is not a class or namespace name
     1>c:\nsfanalyzer\nsfanalyzer_source\nsfanalyzer\dlgServerList.h(9): error C2871: 'Data' : a namespace with this name does not exist
     1>c:\nsfanalyzer\nsfanalyzer_source\nsfanalyzer\dlgServerList.h(10): error C2653: 'System' : is not a class or namespace name
     1>c:\nsfanalyzer\nsfanalyzer_source\nsfanalyzer\dlgServerList.h(10): error C2871: 'Drawing' : a namespace with this name does not exist
     1>c:\nsfanalyzer\nsfanalyzer_source\nsfanalyzer\dlgServerList.h(24): error C2059: syntax error : 'public'
     1>c:\nsfanalyzer\nsfanalyzer_source\nsfanalyzer\dlgServerList.h(24): error C2653: 'System' : is not a class or namespace name
     1>c:\nsfanalyzer\nsfanalyzer_source\nsfanalyzer\dlgServerList.h(25): error C2143: syntax error : missing ';' before '{'
     1>c:\nsfanalyzer\nsfanalyzer_source\nsfanalyzer\dlgServerList.h(25): error C2447: '{' : missing function header (old-style formal list?)
     1>dlgServerList.cpp(6): error C2653: 'dlgServerList' : is not a class or namespace name
     1>dlgServerList.cpp(7): error C2355: 'this' : can only be referenced inside non-static member functions
     1>dlgServerList.cpp(7): error C2227: left of '->cbxServerList' must point to class/struct/union/generic type
     1>dlgServerList.cpp(7): error C2227: left of '->Items' must point to class/struct/union/generic type
     1>dlgServerList.cpp(7): error C2227: left of '->Clear' must point to class/struct/union/generic type
     1>dlgServerList.cpp(9): error C2065: 'String' : undeclared identifier
     1>dlgServerList.cpp(9): error C2065: 'server' : undeclared identifier
     1>dlgServerList.cpp(14): error C2065: 'server' : undeclared identifier
     1>dlgServerList.cpp(14): error C2065: 'gcnew' : undeclared identifier
     1>dlgServerList.cpp(14): error C2146: syntax error : missing ';' before identifier 'String'
     1>dlgServerList.cpp(14): error C3861: 'String': identifier not found
     1>dlgServerList.cpp(15): error C2355: 'this' : can only be referenced inside non-static member functions
     1>dlgServerList.cpp(15): error C2227: left of '->cbxServerList' must point to class/struct/union/generic type
     1>dlgServerList.cpp(15): error C2227: left of '->Items' must point to class/struct/union/generic type
     1>dlgServerList.cpp(15): error C2227: left of '->Add' must point to class/struct/union/generic type
     1>dlgServerList.cpp(15): error C2065: 'server' : undeclared identifier
         generic_data.cpp
     1>c:\nsfanalyzer\nsfanalyzer_source\nsfanalyzer\search_core.h(6): error C2871: 'System' : a namespace with this name does not exist
     1>c:\nsfanalyzer\nsfanalyzer_source\nsfanalyzer\search_core.h(7): error C2653: 'System' : is not a class or namespace name
     1>c:\nsfanalyzer\nsfanalyzer_source\nsfanalyzer\search_core.h(7): error C2871: 'Forms' : a namespace with this name does not exist
     1>c:\nsfanalyzer\nsfanalyzer_source\nsfanalyzer\Configuration.h(3): error C2871: 'System' : a namespace with this name does not exist
     1>c:\nsfanalyzer\nsfanalyzer_source\nsfanalyzer\Configuration.h(4): error C2653: 'System' : is not a class or namespace name
     1>c:\nsfanalyzer\nsfanalyzer_source\nsfanalyzer\Configuration.h(4): error C2871: 'Xml' : a namespace with this name does not exist
     1>c:\nsfanalyzer\nsfanalyzer_source\nsfanalyzer\Configuration.h(5): error C2653: 'System' : is not a class or namespace name
     1>c:\nsfanalyzer\nsfanalyzer_source\nsfanalyzer\Configuration.h(5): error C2871: 'IO' : a namespace with this name does not exist
     1>c:\nsfanalyzer\nsfanalyzer_source\nsfanalyzer\Configuration.h(6): error C2653: 'System' : is not a class or namespace name
     1>c:\nsfanalyzer\nsfanalyzer_source\nsfanalyzer\Configuration.h(6): error C2871: 'Forms' : a namespace with this name does not exist
     1>c:\nsfanalyzer\nsfanalyzer_source\nsfanalyzer\Configuration.h(11): error C2059: syntax error : 'public'
     1>c:\nsfanalyzer\nsfanalyzer_source\nsfanalyzer\Configuration.h(12): error C2143: syntax error : missing ';' before '{'
     1>c:\nsfanalyzer\nsfanalyzer_source\nsfanalyzer\Configuration.h(12): error C2447: '{' : missing function header (old-style formal list?)
     1>c:\nsfanalyzer\nsfanalyzer_source\nsfanalyzer\NoteClass.h(3): error C2871: 'System' : a namespace with this name does not exist
     1>c:\nsfanalyzer\nsfanalyzer_source\nsfanalyzer\NoteClass.h(5): fatal error C1083: Cannot open include file: 'lapiplat.h': No such file or directory
         ListboxHandler.cpp
     1>c:\nsfanalyzer\nsfanalyzer_source\nsfanalyzer\ListboxHandler.h(3): error C2653: 'System' : is not a class or namespace name
     1>c:\nsfanalyzer\nsfanalyzer_source\nsfanalyzer\ListboxHandler.h(3): error C2871: 'Forms' : a namespace with this name does not exist
     1>c:\nsfanalyzer\nsfanalyzer_source\nsfanalyzer\ListboxHandler.h(6): error C2143: syntax error : missing ';' before '<class-head>'
     1>c:\nsfanalyzer\nsfanalyzer_source\nsfanalyzer\ListboxHandler.h(6): error C4430: missing type specifier - int assumed. Note: C++ does not support default-int
     1>c:\nsfanalyzer\nsfanalyzer_source\nsfanalyzer\ListboxHandler.h(9): error C2061: syntax error : identifier 'ListBox'
     1>c:\nsfanalyzer\nsfanalyzer_source\nsfanalyzer\ListboxHandler.h(10): error C2061: syntax error : identifier 'ListBox'
     1>ListboxHandler.cpp(8): error C2065: 'ListBox' : undeclared identifier
     1>ListboxHandler.cpp(8): error C2065: 'lb' : undeclared identifier
     1>ListboxHandler.cpp(8): error C2065: 'TextBox' : undeclared identifier
     1>ListboxHandler.cpp(8): error C2065: 'tb' : undeclared identifier
     1>ListboxHandler.cpp(8): error C2448: 'ListboxHandler::AddItem' : function-style initializer appears to be a function definition
     1>ListboxHandler.cpp(18): error C2065: 'ListBox' : undeclared identifier
     1>ListboxHandler.cpp(18): error C2065: 'lb' : undeclared identifier
     1>ListboxHandler.cpp(18): error C2448: 'ListboxHandler::RemoveSelectedItem' : function-style initializer appears to be a function definition
         NoteClass.cpp
     1>c:\nsfanalyzer\nsfanalyzer_source\nsfanalyzer\NoteClass.h(3): error C2871: 'System' : a namespace with this name does not exist
     1>c:\nsfanalyzer\nsfanalyzer_source\nsfanalyzer\NoteClass.h(5): fatal error C1083: Cannot open include file: 'lapiplat.h': No such file or directory
         NoteClassTable.cpp
     1>c:\nsfanalyzer\nsfanalyzer_source\nsfanalyzer\NoteClass.h(3): error C2871: 'System' : a namespace with this name does not exist
     1>c:\nsfanalyzer\nsfanalyzer_source\nsfanalyzer\NoteClass.h(5): fatal error C1083: Cannot open include file: 'lapiplat.h': No such file or directory
         NSFAnalyzer.cpp
     1>c:\nsfanalyzer\nsfanalyzer_source\nsfanalyzer\ListboxHandler.h(3): error C2653: 'System' : is not a class or namespace name
     1>c:\nsfanalyzer\nsfanalyzer_source\nsfanalyzer\ListboxHandler.h(3): error C2871: 'Forms' : a namespace with this name does not exist
     1>c:\nsfanalyzer\nsfanalyzer_source\nsfanalyzer\ListboxHandler.h(6): error C2143: syntax error : missing ';' before '<class-head>'
     1>c:\nsfanalyzer\nsfanalyzer_source\nsfanalyzer\ListboxHandler.h(6): error C4430: missing type specifier - int assumed. Note: C++ does not support default-int
     1>c:\nsfanalyzer\nsfanalyzer_source\nsfanalyzer\ListboxHandler.h(9): error C2061: syntax error : identifier 'ListBox'
     1>c:\nsfanalyzer\nsfanalyzer_source\nsfanalyzer\ListboxHandler.h(10): error C2061: syntax error : identifier 'ListBox'
     1>c:\nsfanalyzer\nsfanalyzer_source\nsfanalyzer\About.h(3): error C2871: 'System' : a namespace with this name does not exist
     1>c:\nsfanalyzer\nsfanalyzer_source\nsfanalyzer\About.h(4): error C2653: 'System' : is not a class or namespace name
     1>c:\nsfanalyzer\nsfanalyzer_source\nsfanalyzer\About.h(4): error C2871: 'ComponentModel' : a namespace with this name does not exist
     1>c:\nsfanalyzer\nsfanalyzer_source\nsfanalyzer\About.h(5): error C2653: 'System' : is not a class or namespace name
     1>c:\nsfanalyzer\nsfanalyzer_source\nsfanalyzer\About.h(5): error C2871: 'Collections' : a namespace with this name does not exist
     1>c:\nsfanalyzer\nsfanalyzer_source\nsfanalyzer\About.h(6): error C2653: 'System' : is not a class or namespace name
     1>c:\nsfanalyzer\nsfanalyzer_source\nsfanalyzer\About.h(6): error C2871: 'Forms' : a namespace with this name does not exist
     1>c:\nsfanalyzer\nsfanalyzer_source\nsfanalyzer\About.h(7): error C2653: 'System' : is not a class or namespace name
     1>c:\nsfanalyzer\nsfanalyzer_source\nsfanalyzer\About.h(7): error C2871: 'Data' : a namespace with this name does not exist
     1>c:\nsfanalyzer\nsfanalyzer_source\nsfanalyzer\About.h(8): error C2653: 'System' : is not a class or namespace name
     1>c:\nsfanalyzer\nsfanalyzer_source\nsfanalyzer\About.h(8): error C2871: 'Drawing' : a namespace with this name does not exist
     1>c:\nsfanalyzer\nsfanalyzer_source\nsfanalyzer\About.h(22): error C2059: syntax error : 'public'
     1>c:\nsfanalyzer\nsfanalyzer_source\nsfanalyzer\About.h(22): error C2653: 'System' : is not a class or namespace name
     1>c:\nsfanalyzer\nsfanalyzer_source\nsfanalyzer\About.h(23): error C2143: syntax error : missing ';' before '{'
     1>c:\nsfanalyzer\nsfanalyzer_source\nsfanalyzer\About.h(23): error C2447: '{' : missing function header (old-style formal list?)
     1>c:\nsfanalyzer\nsfanalyzer_source\nsfanalyzer\search_core.h(6): error C2871: 'System' : a namespace with this name does not exist
     1>c:\nsfanalyzer\nsfanalyzer_source\nsfanalyzer\search_core.h(7): error C2653: 'System' : is not a class or namespace name
     1>c:\nsfanalyzer\nsfanalyzer_source\nsfanalyzer\search_core.h(7): error C2871: 'Forms' : a namespace with this name does not exist
     1>c:\nsfanalyzer\nsfanalyzer_source\nsfanalyzer\Configuration.h(3): error C2871: 'System' : a namespace with this name does not exist
     1>c:\nsfanalyzer\nsfanalyzer_source\nsfanalyzer\Configuration.h(4): error C2653: 'System' : is not a class or namespace name
     1>c:\nsfanalyzer\nsfanalyzer_source\nsfanalyzer\Configuration.h(4): error C2871: 'Xml' : a namespace with this name does not exist
     1>c:\nsfanalyzer\nsfanalyzer_source\nsfanalyzer\Configuration.h(5): error C2653: 'System' : is not a class or namespace name
     1>c:\nsfanalyzer\nsfanalyzer_source\nsfanalyzer\Configuration.h(5): error C2871: 'IO' : a namespace with this name does not exist
     1>c:\nsfanalyzer\nsfanalyzer_source\nsfanalyzer\Configuration.h(6): error C2653: 'System' : is not a class or namespace name
     1>c:\nsfanalyzer\nsfanalyzer_source\nsfanalyzer\Configuration.h(6): error C2871: 'Forms' : a namespace with this name does not exist
     1>c:\nsfanalyzer\nsfanalyzer_source\nsfanalyzer\Configuration.h(11): error C2059: syntax error : 'public'
     1>c:\nsfanalyzer\nsfanalyzer_source\nsfanalyzer\Configuration.h(12): error C2143: syntax error : missing ';' before '{'
     1>c:\nsfanalyzer\nsfanalyzer_source\nsfanalyzer\Configuration.h(12): error C2447: '{' : missing function header (old-style formal list?)
     1>c:\nsfanalyzer\nsfanalyzer_source\nsfanalyzer\NoteClass.h(3): error C2871: 'System' : a namespace with this name does not exist
     1>c:\nsfanalyzer\nsfanalyzer_source\nsfanalyzer\NoteClass.h(5): fatal error C1083: Cannot open include file: 'lapiplat.h': No such file or directory
         ScanIterator.cpp
     1>c:\nsfanalyzer\nsfanalyzer_source\nsfanalyzer\NoteClass.h(3): error C2871: 'System' : a namespace with this name does not exist
     1>c:\nsfanalyzer\nsfanalyzer_source\nsfanalyzer\NoteClass.h(5): fatal error C1083: Cannot open include file: 'lapiplat.h': No such file or directory
         ScanResult.cpp
     1>c:\nsfanalyzer\nsfanalyzer_source\nsfanalyzer\ScanResult.h(3): error C2871: 'System' : a namespace with this name does not exist
     1>c:\nsfanalyzer\nsfanalyzer_source\nsfanalyzer\ScanResult.h(7): error C2143: syntax error : missing ';' before '<class-head>'
     1>c:\nsfanalyzer\nsfanalyzer_source\nsfanalyzer\ScanResult.h(7): error C4430: missing type specifier - int assumed. Note: C++ does not support default-int
     1>c:\nsfanalyzer\nsfanalyzer_source\nsfanalyzer\ScanResult.h(14): error C2143: syntax error : missing ';' before '^'
     1>c:\nsfanalyzer\nsfanalyzer_source\nsfanalyzer\ScanResult.h(14): error C4430: missing type specifier - int assumed. Note: C++ does not support default-int
     1>c:\nsfanalyzer\nsfanalyzer_source\nsfanalyzer\ScanResult.h(14): error C3193: '^' : requires '/clr' or '/ZW' command line option
     1>c:\nsfanalyzer\nsfanalyzer_source\nsfanalyzer\ScanResult.h(15): error C2143: syntax error : missing ';' before '^'
     1>c:\nsfanalyzer\nsfanalyzer_source\nsfanalyzer\ScanResult.h(15): error C4430: missing type specifier - int assumed. Note: C++ does not support default-int
     1>c:\nsfanalyzer\nsfanalyzer_source\nsfanalyzer\ScanResult.h(15): error C3193: '^' : requires '/clr' or '/ZW' command line option
     1>c:\nsfanalyzer\nsfanalyzer_source\nsfanalyzer\ScanResult.h(16): error C2143: syntax error : missing ';' before '^'
     1>c:\nsfanalyzer\nsfanalyzer_source\nsfanalyzer\ScanResult.h(16): error C4430: missing type specifier - int assumed. Note: C++ does not support default-int
     1>c:\nsfanalyzer\nsfanalyzer_source\nsfanalyzer\ScanResult.h(16): error C3193: '^' : requires '/clr' or '/ZW' command line option
     1>c:\nsfanalyzer\nsfanalyzer_source\nsfanalyzer\ScanResult.h(17): error C2143: syntax error : missing ';' before '^'
     1>c:\nsfanalyzer\nsfanalyzer_source\nsfanalyzer\ScanResult.h(17): error C4430: missing type specifier - int assumed. Note: C++ does not support default-int
     1>c:\nsfanalyzer\nsfanalyzer_source\nsfanalyzer\ScanResult.h(17): error C3193: '^' : requires '/clr' or '/ZW' command line option
     1>c:\nsfanalyzer\nsfanalyzer_source\nsfanalyzer\ScanResult.h(18): error C2143: syntax error : missing ';' before '^'
     1>c:\nsfanalyzer\nsfanalyzer_source\nsfanalyzer\ScanResult.h(18): error C4430: missing type specifier - int assumed. Note: C++ does not support default-int
     1>c:\nsfanalyzer\nsfanalyzer_source\nsfanalyzer\ScanResult.h(18): error C3193: '^' : requires '/clr' or '/ZW' command line option
     1>c:\nsfanalyzer\nsfanalyzer_source\nsfanalyzer\ScanResult.h(19): error C2143: syntax error : missing ';' before '^'
     1>c:\nsfanalyzer\nsfanalyzer_source\nsfanalyzer\ScanResult.h(19): error C4430: missing type specifier - int assumed. Note: C++ does not support default-int
     1>c:\nsfanalyzer\nsfanalyzer_source\nsfanalyzer\ScanResult.h(19): error C3193: '^' : requires '/clr' or '/ZW' command line option
     1>c:\nsfanalyzer\nsfanalyzer_source\nsfanalyzer\ScanResult.h(22): error C2143: syntax error : missing ';' before '^'
     1>c:\nsfanalyzer\nsfanalyzer_source\nsfanalyzer\ScanResult.h(22): error C4430: missing type specifier - int assumed. Note: C++ does not support default-int
     1>c:\nsfanalyzer\nsfanalyzer_source\nsfanalyzer\ScanResult.h(22): error C3193: '^' : requires '/clr' or '/ZW' command line option
     1>c:\nsfanalyzer\nsfanalyzer_source\nsfanalyzer\ScanResult.h(24): error C2143: syntax error : missing ';' before '^'
     1>c:\nsfanalyzer\nsfanalyzer_source\nsfanalyzer\ScanResult.h(24): error C4430: missing type specifier - int assumed. Note: C++ does not support default-int
     1>c:\nsfanalyzer\nsfanalyzer_source\nsfanalyzer\ScanResult.h(24): error C3193: '^' : requires '/clr' or '/ZW' command line option
     1>c:\nsfanalyzer\nsfanalyzer_source\nsfanalyzer\ScanResult.h(26): warning C4183: 'GetKey': missing return type; assumed to be a member function returning 'int'
     1>c:\nsfanalyzer\nsfanalyzer_source\nsfanalyzer\ScanResult.h(28): error C2143: syntax error : missing ';' before '^'
     1>c:\nsfanalyzer\nsfanalyzer_source\nsfanalyzer\ScanResult.h(28): error C4430: missing type specifier - int assumed. Note: C++ does not support default-int
     1>c:\nsfanalyzer\nsfanalyzer_source\nsfanalyzer\ScanResult.h(28): error C3193: '^' : requires '/clr' or '/ZW' command line option
     1>c:\nsfanalyzer\nsfanalyzer_source\nsfanalyzer\ScanResult.h(30): warning C4183: 'GetDesignDetails': missing return type; assumed to be a member function returning 'int'
     1>c:\nsfanalyzer\nsfanalyzer_source\nsfanalyzer\ScanResult.h(32): error C2143: syntax error : missing ';' before '^'
     1>c:\nsfanalyzer\nsfanalyzer_source\nsfanalyzer\ScanResult.h(32): error C4430: missing type specifier - int assumed. Note: C++ does not support default-int
     1>c:\nsfanalyzer\nsfanalyzer_source\nsfanalyzer\ScanResult.h(32): error C3193: '^' : requires '/clr' or '/ZW' command line option
     1>c:\nsfanalyzer\nsfanalyzer_source\nsfanalyzer\ScanResult.h(44): warning C4183: 'GetDesignDetails': missing return type; assumed to be a member function returning 'int'
     1>c:\nsfanalyzer\nsfanalyzer_source\nsfanalyzer\ScanResult.h(25): error C2039: 'DatabaseFile' : is not a member of 'NSFScan::ScanResult'
                 c:\nsfanalyzer\nsfanalyzer_source\nsfanalyzer\ScanResult.h(7) : see declaration of 'NSFScan::ScanResult'
     1>c:\nsfanalyzer\nsfanalyzer_source\nsfanalyzer\ScanResult.h(25): error C2065: 'FieldName' : undeclared identifier
     1>c:\nsfanalyzer\nsfanalyzer_source\nsfanalyzer\ScanResult.h(25): error C2039: 'DataType' : is not a member of 'NSFScan::ScanResult'
                 c:\nsfanalyzer\nsfanalyzer_source\nsfanalyzer\ScanResult.h(7) : see declaration of 'NSFScan::ScanResult'
     1>c:\nsfanalyzer\nsfanalyzer_source\nsfanalyzer\ScanResult.h(25): error C2039: 'Details' : is not a member of 'NSFScan::ScanResult'
                 c:\nsfanalyzer\nsfanalyzer_source\nsfanalyzer\ScanResult.h(7) : see declaration of 'NSFScan::ScanResult'
     1>c:\nsfanalyzer\nsfanalyzer_source\nsfanalyzer\ScanResult.h(33): error C2065: 'String' : undeclared identifier
     1>c:\nsfanalyzer\nsfanalyzer_source\nsfanalyzer\ScanResult.h(33): error C2065: 'retTxt' : undeclared identifier
     1>c:\nsfanalyzer\nsfanalyzer_source\nsfanalyzer\ScanResult.h(33): error C2653: 'String' : is not a class or namespace name
     1>c:\nsfanalyzer\nsfanalyzer_source\nsfanalyzer\ScanResult.h(33): error C2065: 'Empty' : undeclared identifier
     1>c:\nsfanalyzer\nsfanalyzer_source\nsfanalyzer\ScanResult.h(36): error C2065: 'retTxt' : undeclared identifier
     1>c:\nsfanalyzer\nsfanalyzer_source\nsfanalyzer\ScanResult.h(36): error C2039: 'Details' : is not a member of 'NSFScan::ScanResult'
                 c:\nsfanalyzer\nsfanalyzer_source\nsfanalyzer\ScanResult.h(7) : see declaration of 'NSFScan::ScanResult'
     1>c:\nsfanalyzer\nsfanalyzer_source\nsfanalyzer\ScanResult.h(38): error C2065: 'retTxt' : undeclared identifier
     1>c:\nsfanalyzer\nsfanalyzer_source\nsfanalyzer\ScanResult.h(38): error C2039: 'Details' : is not a member of 'NSFScan::ScanResult'
                 c:\nsfanalyzer\nsfanalyzer_source\nsfanalyzer\ScanResult.h(7) : see declaration of 'NSFScan::ScanResult'
     1>c:\nsfanalyzer\nsfanalyzer_source\nsfanalyzer\ScanResult.h(41): error C2065: 'retTxt' : undeclared identifier
     1>c:\nsfanalyzer\nsfanalyzer_source\nsfanalyzer\ScanResult.h(41): error C2227: left of '->Equals' must point to class/struct/union/generic type
                 type is ''unknown-type''
     1>c:\nsfanalyzer\nsfanalyzer_source\nsfanalyzer\ScanResult.h(41): error C2653: 'String' : is not a class or namespace name
     1>c:\nsfanalyzer\nsfanalyzer_source\nsfanalyzer\ScanResult.h(41): error C2065: 'Empty' : undeclared identifier
     1>c:\nsfanalyzer\nsfanalyzer_source\nsfanalyzer\ScanResult.h(43): error C2065: 'retTxt' : undeclared identifier
         search_core.cpp
     1>c:\nsfanalyzer\nsfanalyzer_source\nsfanalyzer\search_core.h(6): error C2871: 'System' : a namespace with this name does not exist
     1>c:\nsfanalyzer\nsfanalyzer_source\nsfanalyzer\search_core.h(7): error C2653: 'System' : is not a class or namespace name
     1>c:\nsfanalyzer\nsfanalyzer_source\nsfanalyzer\search_core.h(7): error C2871: 'Forms' : a namespace with this name does not exist
     1>c:\nsfanalyzer\nsfanalyzer_source\nsfanalyzer\Configuration.h(3): error C2871: 'System' : a namespace with this name does not exist
     1>c:\nsfanalyzer\nsfanalyzer_source\nsfanalyzer\Configuration.h(4): error C2653: 'System' : is not a class or namespace name
     1>c:\nsfanalyzer\nsfanalyzer_source\nsfanalyzer\Configuration.h(4): error C2871: 'Xml' : a namespace with this name does not exist
     1>c:\nsfanalyzer\nsfanalyzer_source\nsfanalyzer\Configuration.h(5): error C2653: 'System' : is not a class or namespace name
     1>c:\nsfanalyzer\nsfanalyzer_source\nsfanalyzer\Configuration.h(5): error C2871: 'IO' : a namespace with this name does not exist
     1>c:\nsfanalyzer\nsfanalyzer_source\nsfanalyzer\Configuration.h(6): error C2653: 'System' : is not a class or namespace name
     1>c:\nsfanalyzer\nsfanalyzer_source\nsfanalyzer\Configuration.h(6): error C2871: 'Forms' : a namespace with this name does not exist
     1>c:\nsfanalyzer\nsfanalyzer_source\nsfanalyzer\Configuration.h(11): error C2059: syntax error : 'public'
     1>c:\nsfanalyzer\nsfanalyzer_source\nsfanalyzer\Configuration.h(12): error C2143: syntax error : missing ';' before '{'
     1>c:\nsfanalyzer\nsfanalyzer_source\nsfanalyzer\Configuration.h(12): error C2447: '{' : missing function header (old-style formal list?)
     1>c:\nsfanalyzer\nsfanalyzer_source\nsfanalyzer\NoteClass.h(3): error C2871: 'System' : a namespace with this name does not exist
     1>c:\nsfanalyzer\nsfanalyzer_source\nsfanalyzer\NoteClass.h(5): fatal error C1083: Cannot open include file: 'lapiplat.h': No such file or directory
         stdafx.cpp
         About.cpp
     1>c:\nsfanalyzer\nsfanalyzer_source\nsfanalyzer\About.h(3): error C2871: 'System' : a namespace with this name does not exist
     1>c:\nsfanalyzer\nsfanalyzer_source\nsfanalyzer\About.h(4): error C2653: 'System' : is not a class or namespace name
     1>c:\nsfanalyzer\nsfanalyzer_source\nsfanalyzer\About.h(4): error C2871: 'ComponentModel' : a namespace with this name does not exist
     1>c:\nsfanalyzer\nsfanalyzer_source\nsfanalyzer\About.h(5): error C2653: 'System' : is not a class or namespace name
     1>c:\nsfanalyzer\nsfanalyzer_source\nsfanalyzer\About.h(5): error C2871: 'Collections' : a namespace with this name does not exist
     1>c:\nsfanalyzer\nsfanalyzer_source\nsfanalyzer\About.h(6): error C2653: 'System' : is not a class or namespace name
     1>c:\nsfanalyzer\nsfanalyzer_source\nsfanalyzer\About.h(6): error C2871: 'Forms' : a namespace with this name does not exist
     1>c:\nsfanalyzer\nsfanalyzer_source\nsfanalyzer\About.h(7): error C2653: 'System' : is not a class or namespace name
     1>c:\nsfanalyzer\nsfanalyzer_source\nsfanalyzer\About.h(7): error C2871: 'Data' : a namespace with this name does not exist
     1>c:\nsfanalyzer\nsfanalyzer_source\nsfanalyzer\About.h(8): error C2653: 'System' : is not a class or namespace name
     1>c:\nsfanalyzer\nsfanalyzer_source\nsfanalyzer\About.h(8): error C2871: 'Drawing' : a namespace with this name does not exist
     1>c:\nsfanalyzer\nsfanalyzer_source\nsfanalyzer\About.h(22): error C2059: syntax error : 'public'
     1>c:\nsfanalyzer\nsfanalyzer_source\nsfanalyzer\About.h(22): error C2653: 'System' : is not a class or namespace name
     1>c:\nsfanalyzer\nsfanalyzer_source\nsfanalyzer\About.h(23): error C2143: syntax error : missing ';' before '{'
     1>c:\nsfanalyzer\nsfanalyzer_source\nsfanalyzer\About.h(23): error C2447: '{' : missing function header (old-style formal list?)
         Generating Code...
     1>Done Building Project "C:\NSFAnalyzer\NSFAnalyzer_Source\NSFAnalyzer\NSFAnalyzer.vcxproj" (Rebuild target(s)) -- FAILED.

Build FAILED.

Time Elapsed 00:00:02.38
